CRITICAL - 2024-03-12 15:31:55 --> CodeIgniter\Exceptions\ConfigException: Config\App::$baseURL "localhost/CIDash/public/" is not a valid URL.
in SYSTEMPATH\HTTP\SiteURI.php on line 199.
 1 SYSTEMPATH\HTTP\SiteURI.php(145): CodeIgniter\HTTP\SiteURI->normalizeBaseURL()
 2 SYSTEMPATH\HTTP\SiteURI.php(100): CodeIgniter\HTTP\SiteURI->determineBaseURL()
 3 SYSTEMPATH\HTTP\CLIRequest.php(78): CodeIgniter\HTTP\SiteURI->__construct()
 4 SYSTEMPATH\Config\Services.php(144): CodeIgniter\HTTP\CLIRequest->__construct()
 5 SYSTEMPATH\Config\BaseService.php(258): CodeIgniter\Config\Services::clirequest()
 6 SYSTEMPATH\Config\BaseService.php(199): CodeIgniter\Config\BaseService::__callStatic()
 7 SYSTEMPATH\Config\Services.php(139): CodeIgniter\Config\BaseService::getSharedInstance()
 8 SYSTEMPATH\Config\BaseService.php(258): CodeIgniter\Config\Services::clirequest()
 9 SYSTEMPATH\Config\Services.php(537): CodeIgniter\Config\BaseService::__callStatic()
10 SYSTEMPATH\Config\BaseService.php(258): CodeIgniter\Config\Services::createRequest()
11 SYSTEMPATH\CLI\Console.php(37): CodeIgniter\Config\BaseService::__callStatic()
12 ROOTPATH\spark(102): CodeIgniter\CLI\Console->run()
CRITICAL - 2024-03-12 15:31:55 --> ErrorException: Uncaught CodeIgniter\Exceptions\ConfigException: Config\App::$baseURL "localhost/CIDash/public/" is not a valid URL. in C:\laragon\www\CIDash\system\HTTP\SiteURI.php:199
Stack trace:
#0 C:\laragon\www\CIDash\system\HTTP\SiteURI.php(145): CodeIgniter\HTTP\SiteURI->normalizeBaseURL()
#1 C:\laragon\www\CIDash\system\HTTP\SiteURI.php(100): CodeIgniter\HTTP\SiteURI->determineBaseURL()
#2 C:\laragon\www\CIDash\system\HTTP\SiteURIFactory.php(224): CodeIgniter\HTTP\SiteURI->__construct()
#3 C:\laragon\www\CIDash\system\HTTP\SiteURIFactory.php(45): CodeIgniter\HTTP\SiteURIFactory->createURIFromRoutePath()
#4 C:\laragon\www\CIDash\system\Config\Services.php(799): CodeIgniter\HTTP\SiteURIFactory->createFromGlobals()
#5 C:\laragon\www\CIDash\system\Config\BaseService.php(258): CodeIgniter\Config\Services::uri()
#6 C:\laragon\www\CIDash\system\Config\BaseService.php(199): CodeIgniter\Config\BaseService::__callStatic()
#7 C:\laragon\www\CIDash\system\Config\Services.php(792): CodeIgniter\Config\BaseService::getSharedInstance()
#8 C:\laragon\www\CIDash\system\Config\BaseService.php(258): CodeIgniter\Config\Services::uri()
#9 C:\laragon\www\CIDash\system\Config\Services.php(566): CodeIgniter\Config\BaseService::__callStatic()
#10 C:\laragon\www\CIDash\system\Config\BaseService.php(258): CodeIgniter\Config\Services::incomingrequest()
#11 C:\laragon\www\CIDash\system\Config\Services.php(524): CodeIgniter\Config\BaseService::__callStatic()
#12 C:\laragon\www\CIDash\system\Config\BaseService.php(258): CodeIgniter\Config\Services::request()
#13 C:\laragon\www\CIDash\system\Config\BaseService.php(199): CodeIgniter\Config\BaseService::__callStatic()
#14 C:\laragon\www\CIDash\system\Config\Services.php(520): CodeIgniter\Config\BaseService::getSharedInstance()
#15 C:\laragon\www\CIDash\system\Config\BaseService.php(258): CodeIgniter\Config\Services::request()
#16 C:\laragon\www\CIDash\system\Debug\Exceptions.php(150): CodeIgniter\Config\BaseService::__callStatic()
#17 [internal function]: CodeIgniter\Debug\Exceptions->exceptionHandler()
#18 {main}
  thrown
【Previous Exception】
CodeIgniter\Exceptions\ConfigException
Config\App::$baseURL "localhost/CIDash/public/" is not a valid URL.
#0 C:\laragon\www\CIDash\system\HTTP\SiteURI.php(145): CodeIgniter\HTTP\SiteURI->normalizeBaseURL()
#1 C:\laragon\www\CIDash\system\HTTP\SiteURI.php(100): CodeIgniter\HTTP\SiteURI->determineBaseURL()
#2 C:\laragon\www\CIDash\system\HTTP\CLIRequest.php(78): CodeIgniter\HTTP\SiteURI->__construct()
#3 C:\laragon\www\CIDash\system\Config\Services.php(144): CodeIgniter\HTTP\CLIRequest->__construct()
#4 C:\laragon\www\CIDash\system\Config\BaseService.php(258): CodeIgniter\Config\Services::clirequest()
#5 C:\laragon\www\CIDash\system\Config\BaseService.php(199): CodeIgniter\Config\BaseService::__callStatic()
#6 C:\laragon\www\CIDash\system\Config\Services.php(139): CodeIgniter\Config\BaseService::getSharedInstance()
#7 C:\laragon\www\CIDash\system\Config\BaseService.php(258): CodeIgniter\Config\Services::clirequest()
#8 C:\laragon\www\CIDash\system\Config\Services.php(537): CodeIgniter\Config\BaseService::__callStatic()
#9 C:\laragon\www\CIDash\system\Config\BaseService.php(258): CodeIgniter\Config\Services::createRequest()
#10 C:\laragon\www\CIDash\system\CLI\Console.php(37): CodeIgniter\Config\BaseService::__callStatic()
#11 C:\laragon\www\CIDash\spark(102): CodeIgniter\CLI\Console->run()
#12 {main}
in SYSTEMPATH\HTTP\SiteURI.php on line 199.
 1 [internal function]: CodeIgniter\Debug\Exceptions->shutdownHandler()
